 
****************************************
Report : cell
Design : top
Version: G-2012.06-SP2
Date   : Fri Oct 12 06:13:00 2018
****************************************

Attributes:
    b - black box (unknown)
    h - hierarchical
    n - noncombinational
    r - removable
    u - contains unmapped logic

Cell                      Reference       Library             Area  Attributes
--------------------------------------------------------------------------------
Con_Uni                   control_path                    30.324000 h
D_Path                    data_path                       12544.826152
                                                                    h, n
U1                        INV_X1          NangateOpenCellLibrary_ff1p25v0c
                                                          0.532000  
U2                        INV_X1          NangateOpenCellLibrary_ff1p25v0c
                                                          0.532000  
U3                        INV_X1          NangateOpenCellLibrary_ff1p25v0c
                                                          0.532000  
U4                        INV_X1          NangateOpenCellLibrary_ff1p25v0c
                                                          0.532000  
U5                        INV_X1          NangateOpenCellLibrary_ff1p25v0c
                                                          0.532000  
U6                        INV_X1          NangateOpenCellLibrary_ff1p25v0c
                                                          0.532000  
U8                        BUF_X1          NangateOpenCellLibrary_ff1p25v0c
                                                          0.798000  
U9                        BUF_X1          NangateOpenCellLibrary_ff1p25v0c
                                                          0.798000  
U10                       BUF_X1          NangateOpenCellLibrary_ff1p25v0c
                                                          0.798000  
U11                       BUF_X1          NangateOpenCellLibrary_ff1p25v0c
                                                          0.798000  
U12                       BUF_X1          NangateOpenCellLibrary_ff1p25v0c
                                                          0.798000  
--------------------------------------------------------------------------------
Total 13 cells                                            12582.332152
1
